<?xml version="1.0" encoding="UTF-8"?>
<!-- Generated by org.testng.reporters.JUnitXMLReporter -->
<testsuite ignored="0" hostname="pc-199.home" failures="0" tests="4" name="Default test" time="4.704" errors="0" timestamp="2025-05-16T00:50:04 EET">
  <testcase classname="dataBaseTesting.dataBaseTesting.AppTest" name="addNewCustomer" time="0.022"/>
  <testcase classname="dataBaseTesting.dataBaseTesting.AppTest" name="updateCustomerInfo" time="0.014"/>
  <testcase classname="dataBaseTesting.dataBaseTesting.AppTest" name="readTheUpdatedData" time="0.759"/>
  <testcase classname="dataBaseTesting.dataBaseTesting.AppTest" name="DeleteCustomer" time="0.005"/>
</testsuite> <!-- Default test -->
