<?xml version="1.0" encoding="UTF-8"?>
<testng-results ignored="0" total="4" passed="4" failed="0" skipped="0">
  <reporter-output>
  </reporter-output>
  <suite started-at="2025-05-16T00:49:59 EET" name="Default suite" finished-at="2025-05-16T00:50:04 EET" duration-ms="4704">
    <groups>
    </groups>
    <test started-at="2025-05-16T00:49:59 EET" name="Default test" finished-at="2025-05-16T00:50:04 EET" duration-ms="4704">
      <class name="dataBaseTesting.dataBaseTesting.AppTest">
        <test-method is-config="true" signature="MySetup()[pri:0, instance:dataBaseTesting.dataBaseTesting.AppTest@65045a87]" started-at="2025-05-16T00:49:59 EET" name="MySetup" finished-at="2025-05-16T00:50:03 EET" duration-ms="3821" status="PASS">
          <reporter-output>
          </reporter-output>
        </test-method> <!-- MySetup -->
        <test-method signature="addNewCustomer()[pri:1, instance:dataBaseTesting.dataBaseTesting.AppTest@65045a87]" started-at="2025-05-16T00:50:03 EET" name="addNewCustomer" finished-at="2025-05-16T00:50:03 EET" duration-ms="22" status="PASS">
          <reporter-output>
          </reporter-output>
        </test-method> <!-- addNewCustomer -->
        <test-method signature="updateCustomerInfo()[pri:2, instance:dataBaseTesting.dataBaseTesting.AppTest@65045a87]" started-at="2025-05-16T00:50:03 EET" name="updateCustomerInfo" finished-at="2025-05-16T00:50:03 EET" duration-ms="14" status="PASS">
          <reporter-output>
          </reporter-output>
        </test-method> <!-- updateCustomerInfo -->
        <test-method signature="readTheUpdatedData()[pri:3, instance:dataBaseTesting.dataBaseTesting.AppTest@65045a87]" started-at="2025-05-16T00:50:03 EET" name="readTheUpdatedData" finished-at="2025-05-16T00:50:04 EET" duration-ms="759" status="PASS">
          <reporter-output>
          </reporter-output>
        </test-method> <!-- readTheUpdatedData -->
        <test-method signature="DeleteCustomer()[pri:4, instance:dataBaseTesting.dataBaseTesting.AppTest@65045a87]" started-at="2025-05-16T00:50:04 EET" name="DeleteCustomer" finished-at="2025-05-16T00:50:04 EET" duration-ms="5" status="PASS">
          <reporter-output>
          </reporter-output>
        </test-method> <!-- DeleteCustomer -->
      </class> <!-- dataBaseTesting.dataBaseTesting.AppTest -->
    </test> <!-- Default test -->
  </suite> <!-- Default suite -->
</testng-results>
